e:\bemészmegírodegyes\2018-19_ii._félév\prog2\hf\chess\chess\debug\vc141.pdb
e:\bemészmegírodegyes\2018-19_ii._félév\prog2\hf\chess\chess\debug\vc141.idb
e:\bemészmegírodegyes\2018-19_ii._félév\prog2\hf\chess\chess\debug\player.obj
e:\bemészmegírodegyes\2018-19_ii._félév\prog2\hf\chess\chess\debug\piece.obj
e:\bemészmegírodegyes\2018-19_ii._félév\prog2\hf\chess\chess\debug\main.obj
e:\bemészmegírodegyes\2018-19_ii._félév\prog2\hf\chess\chess\debug\king.obj
e:\bemészmegírodegyes\2018-19_ii._félév\prog2\hf\chess\chess\debug\human.obj
e:\bemészmegírodegyes\2018-19_ii._félév\prog2\hf\chess\chess\debug\game.obj
e:\bemészmegírodegyes\2018-19_ii._félév\prog2\hf\chess\chess\debug\ai.obj
e:\bemészmegírodegyes\2018-19_ii._félév\prog2\hf\chess\chess\debug\rook.obj
e:\bemészmegírodegyes\2018-19_ii._félév\prog2\hf\chess\chess\debug\queen.obj
e:\bemészmegírodegyes\2018-19_ii._félév\prog2\hf\chess\chess\debug\pawn.obj
e:\bemészmegírodegyes\2018-19_ii._félév\prog2\hf\chess\chess\debug\knight.obj
e:\bemészmegírodegyes\2018-19_ii._félév\prog2\hf\chess\chess\debug\bishop.obj
e:\bemészmegírodegyes\2018-19_ii._félév\prog2\hf\chess\debug\chess.exe
e:\bemészmegírodegyes\2018-19_ii._félév\prog2\hf\chess\debug\chess.ilk
e:\bemészmegírodegyes\2018-19_ii._félév\prog2\hf\chess\debug\chess.pdb
e:\bemészmegírodegyes\2018-19_ii._félév\prog2\hf\chess\chess\debug\chess.tlog\cl.command.1.tlog
e:\bemészmegírodegyes\2018-19_ii._félév\prog2\hf\chess\chess\debug\chess.tlog\cl.read.1.tlog
e:\bemészmegírodegyes\2018-19_ii._félév\prog2\hf\chess\chess\debug\chess.tlog\cl.write.1.tlog
e:\bemészmegírodegyes\2018-19_ii._félév\prog2\hf\chess\chess\debug\chess.tlog\link.command.1.tlog
e:\bemészmegírodegyes\2018-19_ii._félév\prog2\hf\chess\chess\debug\chess.tlog\link.read.1.tlog
e:\bemészmegírodegyes\2018-19_ii._félév\prog2\hf\chess\chess\debug\chess.tlog\link.write.1.tlog
